build/app/intermediates/manifest_merge_blame_file/debug/manifest-merger-blame-debug-report.txt
1<?xml version="1.0" encoding="utf-8"?>
2<manifest xmlns:android="http://schemas.android.com/apk/res/android"
3    package="app.takhlees.takhlees_v"
4    android:versionCode="6"
5    android:versionName="1.0.1" >
6
7    <uses-sdk
8        android:minSdkVersion="19"
9        android:targetSdkVersion="30" />
10    <!--
11         Flutter needs it to communicate with the running application
12         to allow setting breakpoints, to provide hot reload, etc.
13    -->
14    <uses-permission android:name="android.permission.INTERNET" />
14-->src/debug/AndroidManifest.xml:6:5-66
14-->src/debug/AndroidManifest.xml:6:22-64
15    <uses-permission android:name="android.permission.READ_EXTERNAL_STORAGE" />
15-->[:image_picker] AndroidManifest.xml:7:5-80
15-->[:image_picker] AndroidManifest.xml:7:22-77
16    <uses-permission android:name="android.permission.WRITE_EXTERNAL_STORAGE" />
16-->[:image_picker] AndroidManifest.xml:8:5-81
16-->[:image_picker] AndroidManifest.xml:8:22-78
17
18    <queries>
18-->[:file_picker] AndroidManifest.xml:9:5-15:15
19        <intent>
19-->[:file_picker] AndroidManifest.xml:10:9-14:18
20            <action android:name="android.intent.action.GET_CONTENT" />
20-->[:file_picker] AndroidManifest.xml:11:13-72
20-->[:file_picker] AndroidManifest.xml:11:21-69
21
22            <data android:mimeType="*/*" />
22-->[:file_picker] AndroidManifest.xml:13:13-44
22-->[:file_picker] AndroidManifest.xml:13:19-41
23        </intent>
24    </queries> <!-- Create a unique permission for your app and use it so only your app can receive your OneSignal messages. -->
25    <permission
25-->[com.onesignal:OneSignal:3.16.0] AndroidManifest.xml:7:5-9:47
26        android:name="app.takhlees.takhlees_v.permission.C2D_MESSAGE"
26-->[com.onesignal:OneSignal:3.16.0] AndroidManifest.xml:8:9-63
27        android:protectionLevel="signature" />
27-->[com.onesignal:OneSignal:3.16.0] AndroidManifest.xml:9:9-44
28
29    <uses-permission android:name="app.takhlees.takhlees_v.permission.C2D_MESSAGE" />
29-->[com.onesignal:OneSignal:3.16.0] AndroidManifest.xml:11:5-79
29-->[com.onesignal:OneSignal:3.16.0] AndroidManifest.xml:11:22-76
30    <uses-permission android:name="com.google.android.c2dm.permission.RECEIVE" /> <!-- Required, makes sure notifications are delivered on time. -->
30-->[com.onesignal:OneSignal:3.16.0] AndroidManifest.xml:17:5-82
30-->[com.onesignal:OneSignal:3.16.0] AndroidManifest.xml:17:22-79
31    <uses-permission android:name="android.permission.WAKE_LOCK" />
31-->[com.onesignal:OneSignal:3.16.0] AndroidManifest.xml:18:5-68
31-->[com.onesignal:OneSignal:3.16.0] AndroidManifest.xml:18:22-65
32    <!--
33 Required so the device vibrates on receiving a push notification.
34         Vibration settings of the device still apply.
35    -->
36    <uses-permission android:name="android.permission.VIBRATE" />
36-->[com.onesignal:OneSignal:3.16.0] AndroidManifest.xml:23:5-66
36-->[com.onesignal:OneSignal:3.16.0] AndroidManifest.xml:23:22-63
37    <uses-permission android:name="android.permission.ACCESS_NETWORK_STATE" />
37-->[com.onesignal:OneSignal:3.16.0] AndroidManifest.xml:24:5-79
37-->[com.onesignal:OneSignal:3.16.0] AndroidManifest.xml:24:22-76
38    <!--
39 Use to restore notifications the user hasn't interacted with.
40         They could be missed notifications if the user reboots their device if this isn't in place.
41    -->
42    <uses-permission android:name="android.permission.RECEIVE_BOOT_COMPLETED" /> <!-- START: ShortcutBadger -->
42-->[com.onesignal:OneSignal:3.16.0] AndroidManifest.xml:29:5-81
42-->[com.onesignal:OneSignal:3.16.0] AndroidManifest.xml:29:22-78
43    <!-- Samsung -->
44    <uses-permission android:name="com.sec.android.provider.badge.permission.READ" />
44-->[com.onesignal:OneSignal:3.16.0] AndroidManifest.xml:31:5-86
44-->[com.onesignal:OneSignal:3.16.0] AndroidManifest.xml:31:22-83
45    <uses-permission android:name="com.sec.android.provider.badge.permission.WRITE" /> <!-- HTC -->
45-->[com.onesignal:OneSignal:3.16.0] AndroidManifest.xml:32:5-87
45-->[com.onesignal:OneSignal:3.16.0] AndroidManifest.xml:32:22-84
46    <uses-permission android:name="com.htc.launcher.permission.READ_SETTINGS" />
46-->[com.onesignal:OneSignal:3.16.0] AndroidManifest.xml:33:5-81
46-->[com.onesignal:OneSignal:3.16.0] AndroidManifest.xml:33:22-78
47    <uses-permission android:name="com.htc.launcher.permission.UPDATE_SHORTCUT" /> <!-- Sony -->
47-->[com.onesignal:OneSignal:3.16.0] AndroidManifest.xml:34:5-83
47-->[com.onesignal:OneSignal:3.16.0] AndroidManifest.xml:34:22-80
48    <uses-permission android:name="com.sonyericsson.home.permission.BROADCAST_BADGE" />
48-->[com.onesignal:OneSignal:3.16.0] AndroidManifest.xml:35:5-88
48-->[com.onesignal:OneSignal:3.16.0] AndroidManifest.xml:35:22-85
49    <uses-permission android:name="com.sonymobile.home.permission.PROVIDER_INSERT_BADGE" /> <!-- Apex -->
49-->[com.onesignal:OneSignal:3.16.0] AndroidManifest.xml:36:5-92
49-->[com.onesignal:OneSignal:3.16.0] AndroidManifest.xml:36:22-89
50    <uses-permission android:name="com.anddoes.launcher.permission.UPDATE_COUNT" /> <!-- Solid -->
50-->[com.onesignal:OneSignal:3.16.0] AndroidManifest.xml:37:5-84
50-->[com.onesignal:OneSignal:3.16.0] AndroidManifest.xml:37:22-81
51    <uses-permission android:name="com.majeur.launcher.permission.UPDATE_BADGE" /> <!-- Huawei -->
51-->[com.onesignal:OneSignal:3.16.0] AndroidManifest.xml:38:5-83
51-->[com.onesignal:OneSignal:3.16.0] AndroidManifest.xml:38:22-80
52    <uses-permission android:name="com.huawei.android.launcher.permission.CHANGE_BADGE" />
52-->[com.onesignal:OneSignal:3.16.0] AndroidManifest.xml:39:5-91
52-->[com.onesignal:OneSignal:3.16.0] AndroidManifest.xml:39:22-88
53    <uses-permission android:name="com.huawei.android.launcher.permission.READ_SETTINGS" />
53-->[com.onesignal:OneSignal:3.16.0] AndroidManifest.xml:40:5-92
53-->[com.onesignal:OneSignal:3.16.0] AndroidManifest.xml:40:22-89
54    <uses-permission android:name="com.huawei.android.launcher.permission.WRITE_SETTINGS" /> <!-- ZUK -->
54-->[com.onesignal:OneSignal:3.16.0] AndroidManifest.xml:41:5-93
54-->[com.onesignal:OneSignal:3.16.0] AndroidManifest.xml:41:22-90
55    <uses-permission android:name="android.permission.READ_APP_BADGE" /> <!-- OPPO -->
55-->[com.onesignal:OneSignal:3.16.0] AndroidManifest.xml:42:5-73
55-->[com.onesignal:OneSignal:3.16.0] AndroidManifest.xml:42:22-70
56    <uses-permission android:name="com.oppo.launcher.permission.READ_SETTINGS" />
56-->[com.onesignal:OneSignal:3.16.0] AndroidManifest.xml:43:5-82
56-->[com.onesignal:OneSignal:3.16.0] AndroidManifest.xml:43:22-79
57    <uses-permission android:name="com.oppo.launcher.permission.WRITE_SETTINGS" /> <!-- EvMe -->
57-->[com.onesignal:OneSignal:3.16.0] AndroidManifest.xml:44:5-83
57-->[com.onesignal:OneSignal:3.16.0] AndroidManifest.xml:44:22-80
58    <uses-permission android:name="me.everything.badger.permission.BADGE_COUNT_READ" />
58-->[com.onesignal:OneSignal:3.16.0] AndroidManifest.xml:45:5-88
58-->[com.onesignal:OneSignal:3.16.0] AndroidManifest.xml:45:22-85
59    <uses-permission android:name="me.everything.badger.permission.BADGE_COUNT_WRITE" />
59-->[com.onesignal:OneSignal:3.16.0] AndroidManifest.xml:46:5-89
59-->[com.onesignal:OneSignal:3.16.0] AndroidManifest.xml:46:22-86
60
61    <uses-feature
61-->[com.google.android.gms:play-services-maps:17.0.0] AndroidManifest.xml:26:5-28:35
62        android:glEsVersion="0x00020000"
62-->[com.google.android.gms:play-services-maps:17.0.0] AndroidManifest.xml:27:9-41
63        android:required="true" />
63-->[com.google.android.gms:play-services-maps:17.0.0] AndroidManifest.xml:28:9-32
64
65    <uses-permission android:name="com.google.android.finsky.permission.BIND_GET_INSTALL_REFERRER_SERVICE" />
65-->[com.google.android.gms:play-services-measurement:19.0.0] AndroidManifest.xml:26:5-110
65-->[com.google.android.gms:play-services-measurement:19.0.0] AndroidManifest.xml:26:22-107
66    <!--
67 io.flutter.app.FlutterApplication is an android.app.Application that
68         calls FlutterMain.startInitialization(this); in its onCreate method.
69         In most cases you can leave this as-is, but you if you want to provide
70         additional functionality it is fine to subclass or reimplement
71         FlutterApplication and put your custom class here.
72    -->
73    <application
73-->src/main/AndroidManifest.xml:8:5-50:19
74        android:name="io.flutter.app.FlutterApplication"
74-->src/main/AndroidManifest.xml:9:9-57
75        android:appComponentFactory="androidx.core.app.CoreComponentFactory"
75-->[androidx.core:core:1.5.0] AndroidManifest.xml:24:18-86
76        android:debuggable="true"
77        android:icon="@mipmap/ic_launcher"
77-->src/main/AndroidManifest.xml:11:9-43
78        android:label="Takhlees Vendor App" >
78-->src/main/AndroidManifest.xml:10:9-44
79        <activity
79-->src/main/AndroidManifest.xml:12:9-40:20
80            android:name="app.takhlees.takhlees_v.MainActivity"
80-->src/main/AndroidManifest.xml:13:13-41
81            android:configChanges="orientation|keyboardHidden|keyboard|screenSize|smallestScreenSize|locale|layoutDirection|fontScale|screenLayout|density|uiMode"
81-->src/main/AndroidManifest.xml:16:13-163
82            android:hardwareAccelerated="true"
82-->src/main/AndroidManifest.xml:17:13-47
83            android:launchMode="singleTop"
83-->src/main/AndroidManifest.xml:14:13-43
84            android:theme="@style/LaunchTheme"
84-->src/main/AndroidManifest.xml:15:13-47
85            android:windowSoftInputMode="adjustResize" >
85-->src/main/AndroidManifest.xml:18:13-55
86
87            <!--
88                 Specifies an Android theme to apply to this Activity as soon as
89                 the Android process has started. This theme is visible to the user
90                 while the Flutter UI initializes. After that, this theme continues
91                 to determine the Window background behind the Flutter UI.
92            -->
93            <meta-data
93-->src/main/AndroidManifest.xml:23:13-26:17
94                android:name="io.flutter.embedding.android.NormalTheme"
94-->src/main/AndroidManifest.xml:24:15-70
95                android:resource="@style/NormalTheme" />
95-->src/main/AndroidManifest.xml:25:15-52
96            <!--
97                 Displays an Android View that continues showing the launch screen
98                 Drawable until Flutter paints its first frame, then this splash
99                 screen fades out. A splash screen is useful to avoid any visual
100                 gap between the end of Android's launch screen and the painting of
101                 Flutter's first frame.
102            -->
103            <meta-data
103-->src/main/AndroidManifest.xml:32:13-35:17
104                android:name="io.flutter.embedding.android.SplashScreenDrawable"
104-->src/main/AndroidManifest.xml:33:15-79
105                android:resource="@drawable/launch_background" />
105-->src/main/AndroidManifest.xml:34:15-61
106
107            <intent-filter>
107-->src/main/AndroidManifest.xml:36:13-39:29
108                <action android:name="android.intent.action.MAIN" />
108-->src/main/AndroidManifest.xml:37:17-68
108-->src/main/AndroidManifest.xml:37:25-66
109
110                <category android:name="android.intent.category.LAUNCHER" />
110-->src/main/AndroidManifest.xml:38:17-76
110-->src/main/AndroidManifest.xml:38:27-74
111            </intent-filter>
112        </activity>
113        <activity
113-->src/main/AndroidManifest.xml:41:9-44:71
114            android:name="com.yalantis.ucrop.UCropActivity"
114-->src/main/AndroidManifest.xml:42:13-60
115            android:screenOrientation="portrait"
115-->src/main/AndroidManifest.xml:43:13-49
116            android:theme="@style/Theme.AppCompat.Light.NoActionBar" />
116-->src/main/AndroidManifest.xml:44:13-69
117        <!--
118             Don't delete the meta-data below.
119             This is used by the Flutter tool to generate GeneratedPluginRegistrant.java
120        -->
121        <meta-data
121-->src/main/AndroidManifest.xml:47:9-49:33
122            android:name="flutterEmbedding"
122-->src/main/AndroidManifest.xml:48:13-44
123            android:value="2" />
123-->src/main/AndroidManifest.xml:49:13-30
124
125        <service
125-->[:cloud_firestore] AndroidManifest.xml:8:9-12:19
126            android:name="com.google.firebase.components.ComponentDiscoveryService"
126-->[:cloud_firestore] AndroidManifest.xml:8:18-89
127            android:directBootAware="true"
127-->[com.google.firebase:firebase-common:20.0.0] AndroidManifest.xml:35:13-43
128            android:exported="false" >
128-->[com.google.firebase:firebase-messaging:22.0.0] AndroidManifest.xml:51:13-37
129            <meta-data
129-->[:cloud_firestore] AndroidManifest.xml:9:13-11:85
130                android:name="com.google.firebase.components:io.flutter.plugins.firebase.firestore.FlutterFirebaseFirestoreRegistrar"
130-->[:cloud_firestore] AndroidManifest.xml:10:17-134
131                android:value="com.google.firebase.components.ComponentRegistrar" />
131-->[:cloud_firestore] AndroidManifest.xml:11:17-82
132            <meta-data
132-->[:firebase_core] AndroidManifest.xml:9:13-11:85
133                android:name="com.google.firebase.components:io.flutter.plugins.firebase.core.FlutterFirebaseCoreRegistrar"
133-->[:firebase_core] AndroidManifest.xml:10:17-124
134                android:value="com.google.firebase.components.ComponentRegistrar" />
134-->[:firebase_core] AndroidManifest.xml:11:17-82
135            <meta-data
135-->[com.google.firebase:firebase-messaging:22.0.0] AndroidManifest.xml:52:13-54:85
136                android:name="com.google.firebase.components:com.google.firebase.messaging.FirebaseMessagingRegistrar"
136-->[com.google.firebase:firebase-messaging:22.0.0] AndroidManifest.xml:53:17-119
137                android:value="com.google.firebase.components.ComponentRegistrar" />
137-->[com.google.firebase:firebase-messaging:22.0.0] AndroidManifest.xml:54:17-82
138            <meta-data
138-->[com.google.firebase:firebase-datatransport:18.0.0] AndroidManifest.xml:28:13-30:85
139                android:name="com.google.firebase.components:com.google.firebase.datatransport.TransportRegistrar"
139-->[com.google.firebase:firebase-datatransport:18.0.0] AndroidManifest.xml:29:17-115
140                android:value="com.google.firebase.components.ComponentRegistrar" />
140-->[com.google.firebase:firebase-datatransport:18.0.0] AndroidManifest.xml:30:17-82
141            <meta-data
141-->[com.google.firebase:firebase-firestore:23.0.3] AndroidManifest.xml:20:13-22:85
142                android:name="com.google.firebase.components:com.google.firebase.firestore.FirestoreRegistrar"
142-->[com.google.firebase:firebase-firestore:23.0.3] AndroidManifest.xml:21:17-111
143                android:value="com.google.firebase.components.ComponentRegistrar" />
143-->[com.google.firebase:firebase-firestore:23.0.3] AndroidManifest.xml:22:17-82
144            <meta-data
144-->[com.google.android.gms:play-services-measurement-api:19.0.0] AndroidManifest.xml:30:13-32:85
145                android:name="com.google.firebase.components:com.google.firebase.analytics.connector.internal.AnalyticsConnectorRegistrar"
145-->[com.google.android.gms:play-services-measurement-api:19.0.0] AndroidManifest.xml:31:17-139
146                android:value="com.google.firebase.components.ComponentRegistrar" />
146-->[com.google.android.gms:play-services-measurement-api:19.0.0] AndroidManifest.xml:32:17-82
147            <meta-data
147-->[com.google.firebase:firebase-installations:17.0.0] AndroidManifest.xml:18:13-20:85
148                android:name="com.google.firebase.components:com.google.firebase.installations.FirebaseInstallationsRegistrar"
148-->[com.google.firebase:firebase-installations:17.0.0] AndroidManifest.xml:19:17-127
149                android:value="com.google.firebase.components.ComponentRegistrar" />
149-->[com.google.firebase:firebase-installations:17.0.0] AndroidManifest.xml:20:17-82
150        </service>
151
152        <provider
152-->[:image_picker] AndroidManifest.xml:11:9-19:20
153            android:name="io.flutter.plugins.imagepicker.ImagePickerFileProvider"
153-->[:image_picker] AndroidManifest.xml:12:13-82
154            android:authorities="app.takhlees.takhlees_v.flutter.image_provider"
154-->[:image_picker] AndroidManifest.xml:13:13-74
155            android:exported="false"
155-->[:image_picker] AndroidManifest.xml:14:13-37
156            android:grantUriPermissions="true" >
156-->[:image_picker] AndroidManifest.xml:15:13-47
157            <meta-data
157-->[:image_picker] AndroidManifest.xml:16:13-18:75
158                android:name="android.support.FILE_PROVIDER_PATHS"
158-->[:image_picker] AndroidManifest.xml:17:17-67
159                android:resource="@xml/flutter_image_picker_file_paths" />
159-->[:image_picker] AndroidManifest.xml:18:17-72
160        </provider>
161
162        <activity
162-->[:url_launcher] AndroidManifest.xml:8:9-11:74
163            android:name="io.flutter.plugins.urllauncher.WebViewActivity"
163-->[:url_launcher] AndroidManifest.xml:9:13-74
164            android:exported="false"
164-->[:url_launcher] AndroidManifest.xml:10:13-37
165            android:theme="@android:style/Theme.NoTitleBar.Fullscreen" />
165-->[:url_launcher] AndroidManifest.xml:11:13-71
166
167        <provider
167-->[:share] AndroidManifest.xml:8:9-16:20
168            android:name="io.flutter.plugins.share.ShareFileProvider"
168-->[:share] AndroidManifest.xml:9:13-70
169            android:authorities="app.takhlees.takhlees_v.flutter.share_provider"
169-->[:share] AndroidManifest.xml:10:13-74
170            android:exported="false"
170-->[:share] AndroidManifest.xml:11:13-37
171            android:grantUriPermissions="true" >
171-->[:share] AndroidManifest.xml:12:13-47
172            <meta-data
172-->[:image_picker] AndroidManifest.xml:16:13-18:75
173                android:name="android.support.FILE_PROVIDER_PATHS"
173-->[:image_picker] AndroidManifest.xml:17:17-67
174                android:resource="@xml/flutter_share_file_paths" />
174-->[:image_picker] AndroidManifest.xml:18:17-72
175        </provider>
176
177        <meta-data
177-->[com.onesignal:OneSignal:3.16.0] AndroidManifest.xml:49:9-51:51
178            android:name="onesignal_app_id"
178-->[com.onesignal:OneSignal:3.16.0] AndroidManifest.xml:50:13-44
179            android:value="${onesignal_app_id}" /> <!-- Deprecated - Pulled from OneSignal dashboard. -->
179-->[com.onesignal:OneSignal:3.16.0] AndroidManifest.xml:51:13-48
180        <meta-data
180-->[com.onesignal:OneSignal:3.16.0] AndroidManifest.xml:53:9-55:70
181            android:name="onesignal_google_project_number"
181-->[com.onesignal:OneSignal:3.16.0] AndroidManifest.xml:54:13-59
182            android:value="str:${onesignal_google_project_number}" />
182-->[com.onesignal:OneSignal:3.16.0] AndroidManifest.xml:55:13-67
183
184        <receiver
184-->[com.onesignal:OneSignal:3.16.0] AndroidManifest.xml:57:9-67:20
185            android:name="com.onesignal.GcmBroadcastReceiver"
185-->[com.onesignal:OneSignal:3.16.0] AndroidManifest.xml:58:13-62
186            android:permission="com.google.android.c2dm.permission.SEND" >
186-->[com.onesignal:OneSignal:3.16.0] AndroidManifest.xml:59:13-73
187
188            <!-- High priority so OneSignal payloads can be filtered from other GCM receivers if filterOtherGCMReceivers is enabled. -->
189            <intent-filter android:priority="999" >
189-->[com.onesignal:OneSignal:3.16.0] AndroidManifest.xml:62:13-66:29
189-->[com.onesignal:OneSignal:3.16.0] AndroidManifest.xml:62:28-50
190                <action android:name="com.google.android.c2dm.intent.RECEIVE" />
190-->[com.onesignal:OneSignal:3.16.0] AndroidManifest.xml:63:17-81
190-->[com.onesignal:OneSignal:3.16.0] AndroidManifest.xml:63:25-78
191
192                <category android:name="app.takhlees.takhlees_v" />
192-->[com.onesignal:OneSignal:3.16.0] AndroidManifest.xml:65:17-61
192-->[com.onesignal:OneSignal:3.16.0] AndroidManifest.xml:65:27-58
193            </intent-filter>
194        </receiver>
195        <receiver android:name="com.onesignal.NotificationOpenedReceiver" />
195-->[com.onesignal:OneSignal:3.16.0] AndroidManifest.xml:68:9-77
195-->[com.onesignal:OneSignal:3.16.0] AndroidManifest.xml:68:19-74
196
197        <service
197-->[com.onesignal:OneSignal:3.16.0] AndroidManifest.xml:70:9-76:19
198            android:name="com.onesignal.HmsMessageServiceOneSignal"
198-->[com.onesignal:OneSignal:3.16.0] AndroidManifest.xml:71:13-68
199            android:exported="false" >
199-->[com.onesignal:OneSignal:3.16.0] AndroidManifest.xml:72:13-37
200            <intent-filter>
200-->[com.onesignal:OneSignal:3.16.0] AndroidManifest.xml:73:13-75:29
201                <action android:name="com.huawei.push.action.MESSAGING_EVENT" />
201-->[com.onesignal:OneSignal:3.16.0] AndroidManifest.xml:74:17-81
201-->[com.onesignal:OneSignal:3.16.0] AndroidManifest.xml:74:25-78
202            </intent-filter>
203        </service>
204
205        <activity
205-->[com.onesignal:OneSignal:3.16.0] AndroidManifest.xml:78:9-84:20
206            android:name="com.onesignal.NotificationOpenedActivityHMS"
206-->[com.onesignal:OneSignal:3.16.0] AndroidManifest.xml:79:13-71
207            android:theme="@android:style/Theme.Translucent.NoTitleBar" >
207-->[com.onesignal:OneSignal:3.16.0] AndroidManifest.xml:80:13-72
208            <intent-filter>
208-->[com.onesignal:OneSignal:3.16.0] AndroidManifest.xml:81:13-83:29
209                <action android:name="android.intent.action.VIEW" />
209-->[com.onesignal:OneSignal:3.16.0] AndroidManifest.xml:82:17-69
209-->[com.onesignal:OneSignal:3.16.0] AndroidManifest.xml:82:25-66
210            </intent-filter>
211        </activity>
212
213        <service android:name="com.onesignal.GcmIntentService" />
213-->[com.onesignal:OneSignal:3.16.0] AndroidManifest.xml:86:9-66
213-->[com.onesignal:OneSignal:3.16.0] AndroidManifest.xml:86:18-63
214        <service
214-->[com.onesignal:OneSignal:3.16.0] AndroidManifest.xml:87:9-89:72
215            android:name="com.onesignal.GcmIntentJobService"
215-->[com.onesignal:OneSignal:3.16.0] AndroidManifest.xml:88:13-61
216            android:permission="android.permission.BIND_JOB_SERVICE" />
216-->[com.onesignal:OneSignal:3.16.0] AndroidManifest.xml:89:13-69
217        <service
217-->[com.onesignal:OneSignal:3.16.0] AndroidManifest.xml:90:9-92:72
218            android:name="com.onesignal.RestoreJobService"
218-->[com.onesignal:OneSignal:3.16.0] AndroidManifest.xml:91:13-59
219            android:permission="android.permission.BIND_JOB_SERVICE" />
219-->[com.onesignal:OneSignal:3.16.0] AndroidManifest.xml:92:13-69
220        <service
220-->[com.onesignal:OneSignal:3.16.0] AndroidManifest.xml:93:9-95:72
221            android:name="com.onesignal.RestoreKickoffJobService"
221-->[com.onesignal:OneSignal:3.16.0] AndroidManifest.xml:94:13-66
222            android:permission="android.permission.BIND_JOB_SERVICE" />
222-->[com.onesignal:OneSignal:3.16.0] AndroidManifest.xml:95:13-69
223        <service
223-->[com.onesignal:OneSignal:3.16.0] AndroidManifest.xml:96:9-98:43
224            android:name="com.onesignal.SyncService"
224-->[com.onesignal:OneSignal:3.16.0] AndroidManifest.xml:97:13-53
225            android:stopWithTask="true" />
225-->[com.onesignal:OneSignal:3.16.0] AndroidManifest.xml:98:13-40
226        <service
226-->[com.onesignal:OneSignal:3.16.0] AndroidManifest.xml:99:9-101:72
227            android:name="com.onesignal.SyncJobService"
227-->[com.onesignal:OneSignal:3.16.0] AndroidManifest.xml:100:13-56
228            android:permission="android.permission.BIND_JOB_SERVICE" />
228-->[com.onesignal:OneSignal:3.16.0] AndroidManifest.xml:101:13-69
229
230        <activity
230-->[com.onesignal:OneSignal:3.16.0] AndroidManifest.xml:103:9-105:75
231            android:name="com.onesignal.PermissionsActivity"
231-->[com.onesignal:OneSignal:3.16.0] AndroidManifest.xml:104:13-61
232            android:theme="@android:style/Theme.Translucent.NoTitleBar" />
232-->[com.onesignal:OneSignal:3.16.0] AndroidManifest.xml:105:13-72
233
234        <service android:name="com.onesignal.NotificationRestoreService" />
234-->[com.onesignal:OneSignal:3.16.0] AndroidManifest.xml:107:9-76
234-->[com.onesignal:OneSignal:3.16.0] AndroidManifest.xml:107:18-73
235
236        <receiver android:name="com.onesignal.BootUpReceiver" >
236-->[com.onesignal:OneSignal:3.16.0] AndroidManifest.xml:109:9-114:20
236-->[com.onesignal:OneSignal:3.16.0] AndroidManifest.xml:109:19-62
237            <intent-filter>
237-->[com.onesignal:OneSignal:3.16.0] AndroidManifest.xml:110:13-113:29
238                <action android:name="android.intent.action.BOOT_COMPLETED" />
238-->[com.onesignal:OneSignal:3.16.0] AndroidManifest.xml:111:17-79
238-->[com.onesignal:OneSignal:3.16.0] AndroidManifest.xml:111:25-76
239                <action android:name="android.intent.action.QUICKBOOT_POWERON" />
239-->[com.onesignal:OneSignal:3.16.0] AndroidManifest.xml:112:17-82
239-->[com.onesignal:OneSignal:3.16.0] AndroidManifest.xml:112:25-79
240            </intent-filter>
241        </receiver>
242        <receiver android:name="com.onesignal.UpgradeReceiver" >
242-->[com.onesignal:OneSignal:3.16.0] AndroidManifest.xml:115:9-119:20
242-->[com.onesignal:OneSignal:3.16.0] AndroidManifest.xml:115:19-63
243            <intent-filter>
243-->[com.onesignal:OneSignal:3.16.0] AndroidManifest.xml:116:13-118:29
244                <action android:name="android.intent.action.MY_PACKAGE_REPLACED" />
244-->[com.onesignal:OneSignal:3.16.0] AndroidManifest.xml:117:17-84
244-->[com.onesignal:OneSignal:3.16.0] AndroidManifest.xml:117:25-81
245            </intent-filter>
246        </receiver>
247        <receiver
247-->[com.google.firebase:firebase-messaging:22.0.0] AndroidManifest.xml:28:9-35:20
248            android:name="com.google.firebase.iid.FirebaseInstanceIdReceiver"
248-->[com.google.firebase:firebase-messaging:22.0.0] AndroidManifest.xml:29:13-78
249            android:exported="true"
249-->[com.google.firebase:firebase-messaging:22.0.0] AndroidManifest.xml:30:13-36
250            android:permission="com.google.android.c2dm.permission.SEND" >
250-->[com.google.firebase:firebase-messaging:22.0.0] AndroidManifest.xml:31:13-73
251            <intent-filter>
251-->[com.google.firebase:firebase-messaging:22.0.0] AndroidManifest.xml:32:13-34:29
252                <action android:name="com.google.android.c2dm.intent.RECEIVE" />
252-->[com.onesignal:OneSignal:3.16.0] AndroidManifest.xml:63:17-81
252-->[com.onesignal:OneSignal:3.16.0] AndroidManifest.xml:63:25-78
253            </intent-filter>
254        </receiver>
255        <!--
256             FirebaseMessagingService performs security checks at runtime,
257             but set to not exported to explicitly avoid allowing another app to call it.
258        -->
259        <service
259-->[com.google.firebase:firebase-messaging:22.0.0] AndroidManifest.xml:41:9-48:19
260            android:name="com.google.firebase.messaging.FirebaseMessagingService"
260-->[com.google.firebase:firebase-messaging:22.0.0] AndroidManifest.xml:42:13-82
261            android:directBootAware="true"
261-->[com.google.firebase:firebase-messaging:22.0.0] AndroidManifest.xml:43:13-43
262            android:exported="false" >
262-->[com.google.firebase:firebase-messaging:22.0.0] AndroidManifest.xml:44:13-37
263            <intent-filter android:priority="-500" >
263-->[com.google.firebase:firebase-messaging:22.0.0] AndroidManifest.xml:45:13-47:29
263-->[com.google.firebase:firebase-messaging:22.0.0] AndroidManifest.xml:45:28-51
264                <action android:name="com.google.firebase.MESSAGING_EVENT" />
264-->[com.google.firebase:firebase-messaging:22.0.0] AndroidManifest.xml:46:17-78
264-->[com.google.firebase:firebase-messaging:22.0.0] AndroidManifest.xml:46:25-75
265            </intent-filter>
266        </service>
267        <service
267-->[com.google.android.datatransport:transport-backend-cct:3.0.0] AndroidManifest.xml:29:9-35:19
268            android:name="com.google.android.datatransport.runtime.backends.TransportBackendDiscovery"
268-->[com.google.android.datatransport:transport-backend-cct:3.0.0] AndroidManifest.xml:30:13-103
269            android:exported="false" >
269-->[com.google.android.datatransport:transport-backend-cct:3.0.0] AndroidManifest.xml:31:13-37
270            <meta-data
270-->[com.google.android.datatransport:transport-backend-cct:3.0.0] AndroidManifest.xml:32:13-34:39
271                android:name="backend:com.google.android.datatransport.cct.CctBackendFactory"
271-->[com.google.android.datatransport:transport-backend-cct:3.0.0] AndroidManifest.xml:33:17-94
272                android:value="cct" />
272-->[com.google.android.datatransport:transport-backend-cct:3.0.0] AndroidManifest.xml:34:17-36
273        </service>
274
275        <provider
275-->[com.google.firebase:firebase-common:20.0.0] AndroidManifest.xml:26:9-31:39
276            android:name="com.google.firebase.provider.FirebaseInitProvider"
276-->[com.google.firebase:firebase-common:20.0.0] AndroidManifest.xml:27:13-77
277            android:authorities="app.takhlees.takhlees_v.firebaseinitprovider"
277-->[com.google.firebase:firebase-common:20.0.0] AndroidManifest.xml:28:13-72
278            android:directBootAware="true"
278-->[com.google.firebase:firebase-common:20.0.0] AndroidManifest.xml:29:13-43
279            android:exported="false"
279-->[com.google.firebase:firebase-common:20.0.0] AndroidManifest.xml:30:13-37
280            android:initOrder="100" /> <!-- Needs to be explicitly declared on P+ -->
280-->[com.google.firebase:firebase-common:20.0.0] AndroidManifest.xml:31:13-36
281        <uses-library